<?xml version="1.0" encoding="UTF-8"?>
<testsuite name="ru.vladlink.crm.service.ClientServiceImplTest" tests="1" skipped="0" failures="0" errors="0" timestamp="2019-12-12T17:39:49" hostname="DESKTOP-6RHDR3O" time="0.969">
  <properties/>
  <testcase name="removeClient()" classname="ru.vladlink.crm.service.ClientServiceImplTest" time="0.969"/>
  <system-out><![CDATA[20:39:35.650 [Test worker] DEBUG org.springframework.test.context.BootstrapUtils - Instantiating CacheAwareContextLoaderDelegate from class [org.springframework.test.context.cache.DefaultCacheAwareContextLoaderDelegate]
20:39:35.697 [Test worker] DEBUG org.springframework.test.context.BootstrapUtils - Instantiating BootstrapContext using constructor [public org.springframework.test.context.support.DefaultBootstrapContext(java.lang.Class,org.springframework.test.context.CacheAwareContextLoaderDelegate)]
20:39:35.772 [Test worker] DEBUG org.springframework.test.context.BootstrapUtils - Instantiating TestContextBootstrapper for test class [ru.vladlink.crm.service.ClientServiceImplTest] from class [org.springframework.boot.test.context.SpringBootTestContextBootstrapper]
20:39:35.822 [Test worker] INFO org.springframework.boot.test.context.SpringBootTestContextBootstrapper - Neither @ContextConfiguration nor @ContextHierarchy found for test class [ru.vladlink.crm.service.ClientServiceImplTest], using SpringBootContextLoader
20:39:35.834 [Test worker] DEBUG org.springframework.test.context.support.AbstractContextLoader - Did not detect default resource location for test class [ru.vladlink.crm.service.ClientServiceImplTest]: class path resource [ru/vladlink/crm/service/ClientServiceImplTest-context.xml] does not exist
20:39:35.835 [Test worker] DEBUG org.springframework.test.context.support.AbstractContextLoader - Did not detect default resource location for test class [ru.vladlink.crm.service.ClientServiceImplTest]: class path resource [ru/vladlink/crm/service/ClientServiceImplTestContext.groovy] does not exist
20:39:35.836 [Test worker] INFO org.springframework.test.context.support.AbstractContextLoader - Could not detect default resource locations for test class [ru.vladlink.crm.service.ClientServiceImplTest]: no resource found for suffixes {-context.xml, Context.groovy}.
20:39:35.838 [Test worker] INFO org.springframework.test.context.support.AnnotationConfigContextLoaderUtils - Could not detect default configuration classes for test class [ru.vladlink.crm.service.ClientServiceImplTest]: ClientServiceImplTest does not declare any static, non-private, non-final, nested classes annotated with @Configuration.
20:39:35.942 [Test worker] DEBUG org.springframework.test.context.support.ActiveProfilesUtils - Could not find an 'annotation declaring class' for annotation type [org.springframework.test.context.ActiveProfiles] and class [ru.vladlink.crm.service.ClientServiceImplTest]
20:39:36.129 [Test worker] DEBUG org.springframework.context.annotation.ClassPathScanningCandidateComponentProvider - Identified candidate component class: file [C:\Users\Public\IdeaProjects\JAVA_CRM\build\classes\java\main\ru\vladlink\crm\CrmApplication.class]
20:39:36.131 [Test worker] INFO org.springframework.boot.test.context.SpringBootTestContextBootstrapper - Found @SpringBootConfiguration ru.vladlink.crm.CrmApplication for test class ru.vladlink.crm.service.ClientServiceImplTest
20:39:36.442 [Test worker] DEBUG org.springframework.boot.test.context.SpringBootTestContextBootstrapper - @TestExecutionListeners is not present for class [ru.vladlink.crm.service.ClientServiceImplTest]: using defaults.
20:39:36.443 [Test worker] INFO org.springframework.boot.test.context.SpringBootTestContextBootstrapper - Loaded default TestExecutionListener class names from location [META-INF/spring.factories]: [org.springframework.boot.test.autoconfigure.restdocs.RestDocsTestExecutionListener, org.springframework.boot.test.autoconfigure.web.client.MockRestServiceServerResetTestExecutionListener, org.springframework.boot.test.autoconfigure.web.servlet.MockMvcPrintOnlyOnFailureTestExecutionListener, org.springframework.boot.test.autoconfigure.web.servlet.WebDriverTestExecutionListener, org.springframework.boot.test.mock.mockito.MockitoTestExecutionListener, org.springframework.boot.test.mock.mockito.ResetMocksTestExecutionListener, org.springframework.test.context.web.ServletTestExecutionListener, org.springframework.test.context.support.DirtiesContextBeforeModesTestExecutionListener, org.springframework.test.context.support.DependencyInjectionTestExecutionListener, org.springframework.test.context.support.DirtiesContextTestExecutionListener, org.springframework.test.context.transaction.TransactionalTestExecutionListener, org.springframework.test.context.jdbc.SqlScriptsTestExecutionListener, org.springframework.test.context.event.EventPublishingTestExecutionListener]
20:39:36.509 [Test worker] INFO org.springframework.boot.test.context.SpringBootTestContextBootstrapper - Using TestExecutionListeners: [org.springframework.test.context.web.ServletTestExecutionListener@6b239d5e, org.springframework.test.context.support.DirtiesContextBeforeModesTestExecutionListener@77f36025, org.springframework.boot.test.mock.mockito.MockitoTestExecutionListener@571c00a0, org.springframework.boot.test.autoconfigure.SpringBootDependencyInjectionTestExecutionListener@b02351e, org.springframework.test.context.support.DirtiesContextTestExecutionListener@7cbc804d, org.springframework.test.context.transaction.TransactionalTestExecutionListener@10a225b7, org.springframework.test.context.jdbc.SqlScriptsTestExecutionListener@270c3e03, org.springframework.test.context.event.EventPublishingTestExecutionListener@3d3c4539, org.springframework.boot.test.autoconfigure.restdocs.RestDocsTestExecutionListener@259a143b, org.springframework.boot.test.autoconfigure.web.client.MockRestServiceServerResetTestExecutionListener@241402a2, org.springframework.boot.test.autoconfigure.web.servlet.MockMvcPrintOnlyOnFailureTestExecutionListener@622edc05, org.springframework.boot.test.autoconfigure.web.servlet.WebDriverTestExecutionListener@3de458f4, org.springframework.boot.test.mock.mockito.ResetMocksTestExecutionListener@482aa8bf]
20:39:36.519 [Test worker] DEBUG org.springframework.test.context.support.AbstractDirtiesContextTestExecutionListener - Before test class: context [DefaultTestContext@16ae378f testClass = ClientServiceImplTest, testInstance = [null], testMethod = [null], testException = [null], mergedContextConfiguration = [WebMergedContextConfiguration@abf776a testClass = ClientServiceImplTest, locations = '{}', classes = '{class ru.vladlink.crm.CrmApplication}', contextInitializerClasses = '[]', activeProfiles = '{}', propertySourceLocations = '{}', propertySourceProperties = '{org.springframework.boot.test.context.SpringBootTestContextBootstrapper=true}', contextCustomizers = set[org.springframework.boot.test.autoconfigure.properties.PropertyMappingContextCustomizer@0, org.springframework.boot.test.autoconfigure.web.servlet.WebDriverContextCustomizerFactory$Customizer@56a61015, org.springframework.boot.test.context.filter.ExcludeFilterContextCustomizer@138e46cb, org.springframework.boot.test.json.DuplicateJsonObjectContextCustomizerFactory$DuplicateJsonObjectContextCustomizer@58e8d1a, org.springframework.boot.test.mock.mockito.MockitoContextCustomizer@0, org.springframework.boot.test.web.client.TestRestTemplateContextCustomizer@12f49a8b], resourceBasePath = 'src/main/webapp', contextLoader = 'org.springframework.boot.test.context.SpringBootContextLoader', parent = [null]], attributes = map['org.springframework.test.context.web.ServletTestExecutionListener.activateListener' -> true]], class annotated with @DirtiesContext [false] with mode [null].
20:39:36.630 [Test worker] DEBUG org.springframework.test.context.support.TestPropertySourceUtils - Adding inlined properties to environment: {spring.jmx.enabled=false, org.springframework.boot.test.context.SpringBootTestContextBootstrapper=true, server.port=-1}
LOGBACK: No context given for c.q.l.core.rolling.SizeAndTimeBasedRollingPolicy@704918800

  .   ____          _            __ _ _
 /\\ / ___'_ __ _ _(_)_ __  __ _ \ \ \ \
( ( )\___ | '_ | '_| | '_ \/ _` | \ \ \ \
 \\/  ___)| |_)| | | | | || (_| |  ) ) ) )
  '  |____| .__|_| |_|_| |_\__, | / / / /
 =========|_|==============|___/=/_/_/_/
 :: Spring Boot ::        (v2.2.1.RELEASE)

"2019-12-12 20:39:37 - Starting ClientServiceImplTest on DESKTOP-6RHDR3O with PID 6808 (started by Тесак in C:\Users\Public\IdeaProjects\JAVA_CRM)
""2019-12-12 20:39:37 - Running with Spring Boot v2.2.1.RELEASE, Spring v5.2.1.RELEASE
""2019-12-12 20:39:37 - No active profile set, falling back to default profiles: default
""2019-12-12 20:39:39 - Bootstrapping Spring Data repositories in DEFAULT mode.
""2019-12-12 20:39:39 - Finished Spring Data repository scanning in 160ms. Found 2 repository interfaces.
""2019-12-12 20:39:40 - Bean 'org.springframework.transaction.annotation.ProxyTransactionManagementConfiguration' of type [org.springframework.transaction.annotation.ProxyTransactionManagementConfiguration] is not eligible for getting processed by all BeanPostProcessors (for example: not eligible for auto-proxying)
""2019-12-12 20:39:41 - HikariPool-1 - Starting...
""2019-12-12 20:39:41 - HikariPool-1 - Start completed.
""2019-12-12 20:39:41 - HHH000204: Processing PersistenceUnitInfo [name: default]
""2019-12-12 20:39:42 - HHH000412: Hibernate Core {5.4.8.Final}
""2019-12-12 20:39:42 - HCANN000001: Hibernate Commons Annotations {5.1.0.Final}
""2019-12-12 20:39:43 - HHH000400: Using dialect: org.hibernate.dialect.PostgreSQL10Dialect
""2019-12-12 20:39:45 - HHH000490: Using JtaPlatform implementation: [org.hibernate.engine.transaction.jta.platform.internal.NoJtaPlatform]
""2019-12-12 20:39:45 - Initialized JPA EntityManagerFactory for persistence unit 'default'
""2019-12-12 20:39:47 - spring.jpa.open-in-view is enabled by default. Therefore, database queries may be performed during view rendering. Explicitly configure spring.jpa.open-in-view to disable this warning
""2019-12-12 20:39:47 - Initializing ExecutorService 'applicationTaskExecutor'
""2019-12-12 20:39:48 - Adding welcome page template: index
""2019-12-12 20:39:49 - Started ClientServiceImplTest in 12.391 seconds (JVM running for 15.955)
"]]></system-out>
  <system-err><![CDATA[]]></system-err>
</testsuite>
